2022-01-27 20:41:58,082 [Worker-2] INFO  o.e.m.c.i.l.LifecycleMappingFactory - Using org.eclipse.m2e.jdt.JarLifecycleMapping lifecycle mapping for MavenProject: libjpa:libjpa:0.0.1-SNAPSHOT @ C:\libreria\libjpa\pom.xml.
2022-01-27 20:41:59,622 [Worker-11] WARN  o.e.m.c.i.embedder.EclipseLogger - Using platform encoding (Cp1252 actually) to copy filtered resources, i.e. build is platform dependent!
2022-01-27 20:41:59,632 [Worker-11] INFO  o.e.m.c.i.embedder.EclipseLogger - Copying 1 resource
2022-01-27 20:41:59,652 [Worker-11] WARN  o.e.m.c.i.embedder.EclipseLogger - Using platform encoding (Cp1252 actually) to copy filtered resources, i.e. build is platform dependent!
2022-01-27 20:41:59,652 [Worker-11] INFO  o.e.m.c.i.embedder.EclipseLogger - skip non existing resourceDirectory C:\libreria\libjpa\src\test\resources
2022-01-27 20:41:59,662 [Worker-2] INFO  o.e.m.j.i.AbstractJavaProjectConfigurator - Adding source folder /libjpa/src
2022-01-27 20:41:59,662 [Worker-2] INFO  o.e.m.j.i.AbstractJavaProjectConfigurator - Resources folder /libjpa/src overlaps with sources folder /libjpa/src
2022-01-27 20:41:59,662 [Worker-2] INFO  o.e.m.j.i.AbstractJavaProjectConfigurator - Not adding source folder /libjpa/src/test/java because it overlaps with /libjpa/src
2022-01-27 20:42:00,086 [Worker-2] INFO  o.e.m.c.i.p.ProjectConfigurationManager - Update started
2022-01-27 20:42:01,656 [Worker-2] INFO  o.e.m.c.i.l.LifecycleMappingFactory - Using org.eclipse.m2e.jdt.JarLifecycleMapping lifecycle mapping for MavenProject: libjpa:libjpa:0.0.1-SNAPSHOT @ C:\libreria\libjpa\pom.xml.
2022-01-27 20:42:03,003 [Worker-12] WARN  o.e.m.c.i.embedder.EclipseLogger - Using platform encoding (Cp1252 actually) to copy filtered resources, i.e. build is platform dependent!
2022-01-27 20:42:03,019 [Worker-12] INFO  o.e.m.c.i.embedder.EclipseLogger - Copying 1 resource
2022-01-27 20:42:03,035 [Worker-12] WARN  o.e.m.c.i.embedder.EclipseLogger - Using platform encoding (Cp1252 actually) to copy filtered resources, i.e. build is platform dependent!
2022-01-27 20:42:03,035 [Worker-12] INFO  o.e.m.c.i.embedder.EclipseLogger - skip non existing resourceDirectory C:\libreria\libjpa\src\test\resources
2022-01-27 20:42:03,066 [Worker-2] INFO  o.e.m.j.i.AbstractJavaProjectConfigurator - Adding source folder /libjpa/src
2022-01-27 20:42:03,066 [Worker-2] INFO  o.e.m.j.i.AbstractJavaProjectConfigurator - Resources folder /libjpa/src overlaps with sources folder /libjpa/src
2022-01-27 20:42:03,119 [Worker-2] INFO  o.e.m.j.i.AbstractJavaProjectConfigurator - Not adding source folder /libjpa/src/test/java because it overlaps with /libjpa/src
2022-01-27 20:42:03,448 [Worker-2] INFO  o.e.m.c.i.p.ProjectConfigurationManager - Update completed: 3 sec
2022-01-27 20:42:04,455 [Worker-14] WARN  o.e.m.c.i.embedder.EclipseLogger - Using platform encoding (Cp1252 actually) to copy filtered resources, i.e. build is platform dependent!
2022-01-27 20:42:04,455 [Worker-14] INFO  o.e.m.c.i.embedder.EclipseLogger - Copying 1 resource
2022-01-27 20:42:04,473 [Worker-14] WARN  o.e.m.c.i.embedder.EclipseLogger - Using platform encoding (Cp1252 actually) to copy filtered resources, i.e. build is platform dependent!
2022-01-27 20:42:04,473 [Worker-14] INFO  o.e.m.c.i.embedder.EclipseLogger - skip non existing resourceDirectory C:\libreria\libjpa\src\test\resources
2022-01-27 20:45:24,319 [Worker-12] INFO  o.e.m.c.i.l.LifecycleMappingFactory - Using org.eclipse.m2e.jdt.JarLifecycleMapping lifecycle mapping for MavenProject: libjpa:libjpa:0.0.1-SNAPSHOT @ C:\libreria\libjpa\pom.xml.
2022-01-27 20:45:25,162 [Worker-12] WARN  o.e.m.c.i.embedder.EclipseLogger - Using platform encoding (Cp1252 actually) to copy filtered resources, i.e. build is platform dependent!
2022-01-27 20:45:25,178 [Worker-12] INFO  o.e.m.c.i.embedder.EclipseLogger - Copying 0 resource
2022-01-27 20:45:25,178 [Worker-12] WARN  o.e.m.c.i.embedder.EclipseLogger - Using platform encoding (Cp1252 actually) to copy filtered resources, i.e. build is platform dependent!
2022-01-27 20:45:25,178 [Worker-12] INFO  o.e.m.c.i.embedder.EclipseLogger - skip non existing resourceDirectory C:\libreria\libjpa\src\test\resources
2022-01-27 20:45:26,830 [Worker-12] WARN  o.e.m.c.i.embedder.EclipseLogger - Using platform encoding (Cp1252 actually) to copy filtered resources, i.e. build is platform dependent!
2022-01-27 20:45:26,841 [Worker-12] INFO  o.e.m.c.i.embedder.EclipseLogger - Copying 1 resource
2022-01-27 20:45:26,851 [Worker-12] WARN  o.e.m.c.i.embedder.EclipseLogger - Using platform encoding (Cp1252 actually) to copy filtered resources, i.e. build is platform dependent!
2022-01-27 20:45:26,851 [Worker-12] INFO  o.e.m.c.i.embedder.EclipseLogger - skip non existing resourceDirectory C:\libreria\libjpa\src\test\resources
2022-01-27 20:45:44,825 [Worker-19] INFO  o.e.m.c.i.p.ProjectConfigurationManager - Update started
2022-01-27 20:45:45,918 [Worker-19] INFO  o.e.m.c.i.l.LifecycleMappingFactory - Using org.eclipse.m2e.jdt.JarLifecycleMapping lifecycle mapping for MavenProject: libjpa:libjpa:0.0.1-SNAPSHOT @ C:\libreria\libjpa\pom.xml.
2022-01-27 20:45:46,837 [Worker-19] INFO  o.e.m.j.i.AbstractJavaProjectConfigurator - Adding source folder /libjpa/src
2022-01-27 20:45:46,837 [Worker-19] INFO  o.e.m.j.i.AbstractJavaProjectConfigurator - Resources folder /libjpa/src overlaps with sources folder /libjpa/src
2022-01-27 20:45:46,837 [Worker-19] INFO  o.e.m.j.i.AbstractJavaProjectConfigurator - Not adding source folder /libjpa/src/test/java because it overlaps with /libjpa/src
2022-01-27 20:45:47,141 [Worker-19] INFO  o.e.m.c.i.p.ProjectConfigurationManager - Update completed: 2 sec
2022-01-27 20:45:48,185 [Worker-16] WARN  o.e.m.c.i.embedder.EclipseLogger - Using platform encoding (Cp1252 actually) to copy filtered resources, i.e. build is platform dependent!
2022-01-27 20:45:48,187 [Worker-16] INFO  o.e.m.c.i.embedder.EclipseLogger - Copying 1 resource
2022-01-27 20:45:48,197 [Worker-16] WARN  o.e.m.c.i.embedder.EclipseLogger - Using platform encoding (Cp1252 actually) to copy filtered resources, i.e. build is platform dependent!
2022-01-27 20:45:48,205 [Worker-16] INFO  o.e.m.c.i.embedder.EclipseLogger - skip non existing resourceDirectory C:\libreria\libjpa\src\test\resources
2022-01-27 20:52:00,411 [Worker-18] WARN  o.e.m.c.i.embedder.EclipseLogger - Using platform encoding (Cp1252 actually) to copy filtered resources, i.e. build is platform dependent!
2022-01-27 20:52:00,411 [Worker-18] INFO  o.e.m.c.i.embedder.EclipseLogger - Copying 1 resource
2022-01-27 20:52:00,426 [Worker-18] WARN  o.e.m.c.i.embedder.EclipseLogger - Using platform encoding (Cp1252 actually) to copy filtered resources, i.e. build is platform dependent!
2022-01-27 20:52:00,426 [Worker-18] INFO  o.e.m.c.i.embedder.EclipseLogger - skip non existing resourceDirectory C:\libreria\libjpa\src\test\resources
2022-01-27 20:52:51,617 [Worker-23] INFO  o.e.m.c.i.p.ProjectConfigurationManager - Update started
2022-01-27 20:52:52,749 [Worker-23] INFO  o.e.m.c.i.l.LifecycleMappingFactory - Using org.eclipse.m2e.jdt.JarLifecycleMapping lifecycle mapping for MavenProject: libjpa:libjpa:0.0.1-SNAPSHOT @ C:\libreria\libjpa\pom.xml.
2022-01-27 20:52:53,685 [Worker-23] INFO  o.e.m.j.i.AbstractJavaProjectConfigurator - Adding source folder /libjpa/src
2022-01-27 20:52:53,685 [Worker-23] INFO  o.e.m.j.i.AbstractJavaProjectConfigurator - Resources folder /libjpa/src overlaps with sources folder /libjpa/src
2022-01-27 20:52:53,685 [Worker-23] INFO  o.e.m.j.i.AbstractJavaProjectConfigurator - Not adding source folder /libjpa/src/test/java because it overlaps with /libjpa/src
2022-01-27 20:52:53,977 [Worker-23] INFO  o.e.m.c.i.p.ProjectConfigurationManager - Update completed: 2 sec
2022-01-27 20:52:54,982 [Worker-16] WARN  o.e.m.c.i.embedder.EclipseLogger - Using platform encoding (Cp1252 actually) to copy filtered resources, i.e. build is platform dependent!
2022-01-27 20:52:54,992 [Worker-16] INFO  o.e.m.c.i.embedder.EclipseLogger - Copying 1 resource
2022-01-27 20:52:55,003 [Worker-16] WARN  o.e.m.c.i.embedder.EclipseLogger - Using platform encoding (Cp1252 actually) to copy filtered resources, i.e. build is platform dependent!
2022-01-27 20:52:55,011 [Worker-16] INFO  o.e.m.c.i.embedder.EclipseLogger - skip non existing resourceDirectory C:\libreria\libjpa\src\test\resources
2022-01-27 20:54:37,774 [Worker-22] WARN  o.e.m.c.i.embedder.EclipseLogger - Using platform encoding (Cp1252 actually) to copy filtered resources, i.e. build is platform dependent!
2022-01-27 20:54:37,774 [Worker-22] INFO  o.e.m.c.i.embedder.EclipseLogger - Copying 1 resource
2022-01-27 20:54:37,784 [Worker-22] WARN  o.e.m.c.i.embedder.EclipseLogger - Using platform encoding (Cp1252 actually) to copy filtered resources, i.e. build is platform dependent!
2022-01-27 20:54:37,784 [Worker-22] INFO  o.e.m.c.i.embedder.EclipseLogger - skip non existing resourceDirectory C:\libreria\libjpa\src\test\resources
2022-01-27 20:55:07,721 [Worker-12] WARN  o.e.m.c.i.embedder.EclipseLogger - Using platform encoding (Cp1252 actually) to copy filtered resources, i.e. build is platform dependent!
2022-01-27 20:55:07,721 [Worker-12] INFO  o.e.m.c.i.embedder.EclipseLogger - Copying 1 resource
2022-01-27 20:55:07,721 [Worker-12] WARN  o.e.m.c.i.embedder.EclipseLogger - Using platform encoding (Cp1252 actually) to copy filtered resources, i.e. build is platform dependent!
2022-01-27 20:55:07,721 [Worker-12] INFO  o.e.m.c.i.embedder.EclipseLogger - skip non existing resourceDirectory C:\libreria\libjpa\src\test\resources
2022-01-27 20:57:08,353 [Worker-12] WARN  o.e.m.c.i.embedder.EclipseLogger - Using platform encoding (Cp1252 actually) to copy filtered resources, i.e. build is platform dependent!
2022-01-27 20:57:08,365 [Worker-12] INFO  o.e.m.c.i.embedder.EclipseLogger - Copying 1 resource
2022-01-27 20:57:08,365 [Worker-12] WARN  o.e.m.c.i.embedder.EclipseLogger - Using platform encoding (Cp1252 actually) to copy filtered resources, i.e. build is platform dependent!
2022-01-27 20:57:08,365 [Worker-12] INFO  o.e.m.c.i.embedder.EclipseLogger - skip non existing resourceDirectory C:\libreria\libjpa\src\test\resources
2022-01-27 21:02:10,828 [Worker-27] WARN  o.e.m.c.i.embedder.EclipseLogger - Using platform encoding (Cp1252 actually) to copy filtered resources, i.e. build is platform dependent!
2022-01-27 21:02:10,828 [Worker-27] INFO  o.e.m.c.i.embedder.EclipseLogger - Copying 1 resource
2022-01-27 21:02:10,828 [Worker-27] WARN  o.e.m.c.i.embedder.EclipseLogger - Using platform encoding (Cp1252 actually) to copy filtered resources, i.e. build is platform dependent!
2022-01-27 21:02:10,828 [Worker-27] INFO  o.e.m.c.i.embedder.EclipseLogger - skip non existing resourceDirectory C:\libreria\libjpa\src\test\resources
2022-01-27 21:02:39,425 [Worker-25] WARN  o.e.m.c.i.embedder.EclipseLogger - Using platform encoding (Cp1252 actually) to copy filtered resources, i.e. build is platform dependent!
2022-01-27 21:02:39,425 [Worker-25] INFO  o.e.m.c.i.embedder.EclipseLogger - Copying 1 resource
2022-01-27 21:02:39,441 [Worker-25] WARN  o.e.m.c.i.embedder.EclipseLogger - Using platform encoding (Cp1252 actually) to copy filtered resources, i.e. build is platform dependent!
2022-01-27 21:02:39,441 [Worker-25] INFO  o.e.m.c.i.embedder.EclipseLogger - skip non existing resourceDirectory C:\libreria\libjpa\src\test\resources
2022-01-27 21:03:12,063 [Worker-28] WARN  o.e.m.c.i.embedder.EclipseLogger - Using platform encoding (Cp1252 actually) to copy filtered resources, i.e. build is platform dependent!
2022-01-27 21:03:12,078 [Worker-28] INFO  o.e.m.c.i.embedder.EclipseLogger - Copying 1 resource
2022-01-27 21:03:12,078 [Worker-28] WARN  o.e.m.c.i.embedder.EclipseLogger - Using platform encoding (Cp1252 actually) to copy filtered resources, i.e. build is platform dependent!
2022-01-27 21:03:12,078 [Worker-28] INFO  o.e.m.c.i.embedder.EclipseLogger - skip non existing resourceDirectory C:\libreria\libjpa\src\test\resources
2022-01-27 21:05:09,353 [Worker-12] WARN  o.e.m.c.i.embedder.EclipseLogger - Using platform encoding (Cp1252 actually) to copy filtered resources, i.e. build is platform dependent!
2022-01-27 21:05:09,368 [Worker-12] INFO  o.e.m.c.i.embedder.EclipseLogger - Copying 1 resource
2022-01-27 21:05:09,384 [Worker-12] WARN  o.e.m.c.i.embedder.EclipseLogger - Using platform encoding (Cp1252 actually) to copy filtered resources, i.e. build is platform dependent!
2022-01-27 21:05:09,384 [Worker-12] INFO  o.e.m.c.i.embedder.EclipseLogger - skip non existing resourceDirectory C:\libreria\libjpa\src\test\resources
2022-01-27 21:06:42,621 [Worker-32] WARN  o.e.m.c.i.embedder.EclipseLogger - Using platform encoding (Cp1252 actually) to copy filtered resources, i.e. build is platform dependent!
2022-01-27 21:06:42,629 [Worker-32] INFO  o.e.m.c.i.embedder.EclipseLogger - Copying 1 resource
2022-01-27 21:06:42,631 [Worker-32] WARN  o.e.m.c.i.embedder.EclipseLogger - Using platform encoding (Cp1252 actually) to copy filtered resources, i.e. build is platform dependent!
2022-01-27 21:06:42,631 [Worker-32] INFO  o.e.m.c.i.embedder.EclipseLogger - skip non existing resourceDirectory C:\libreria\libjpa\src\test\resources
2022-01-27 21:15:30,710 [Worker-38] WARN  o.e.m.c.i.embedder.EclipseLogger - Using platform encoding (Cp1252 actually) to copy filtered resources, i.e. build is platform dependent!
2022-01-27 21:15:30,726 [Worker-38] INFO  o.e.m.c.i.embedder.EclipseLogger - Copying 1 resource
2022-01-27 21:15:30,726 [Worker-38] WARN  o.e.m.c.i.embedder.EclipseLogger - Using platform encoding (Cp1252 actually) to copy filtered resources, i.e. build is platform dependent!
2022-01-27 21:15:30,726 [Worker-38] INFO  o.e.m.c.i.embedder.EclipseLogger - skip non existing resourceDirectory C:\libreria\libjpa\src\test\resources
2022-01-27 21:16:33,983 [Worker-12] WARN  o.e.m.c.i.embedder.EclipseLogger - Using platform encoding (Cp1252 actually) to copy filtered resources, i.e. build is platform dependent!
2022-01-27 21:16:33,991 [Worker-12] INFO  o.e.m.c.i.embedder.EclipseLogger - Copying 1 resource
2022-01-27 21:16:33,993 [Worker-12] WARN  o.e.m.c.i.embedder.EclipseLogger - Using platform encoding (Cp1252 actually) to copy filtered resources, i.e. build is platform dependent!
2022-01-27 21:16:33,993 [Worker-12] INFO  o.e.m.c.i.embedder.EclipseLogger - skip non existing resourceDirectory C:\libreria\libjpa\src\test\resources
2022-01-27 21:17:58,002 [Worker-34] WARN  o.e.m.c.i.embedder.EclipseLogger - Using platform encoding (Cp1252 actually) to copy filtered resources, i.e. build is platform dependent!
2022-01-27 21:17:58,033 [Worker-34] INFO  o.e.m.c.i.embedder.EclipseLogger - Copying 1 resource
2022-01-27 21:17:58,033 [Worker-34] WARN  o.e.m.c.i.embedder.EclipseLogger - Using platform encoding (Cp1252 actually) to copy filtered resources, i.e. build is platform dependent!
2022-01-27 21:17:58,049 [Worker-34] INFO  o.e.m.c.i.embedder.EclipseLogger - skip non existing resourceDirectory C:\libreria\libjpa\src\test\resources
2022-01-27 21:20:13,299 [Worker-38] WARN  o.e.m.c.i.embedder.EclipseLogger - Using platform encoding (Cp1252 actually) to copy filtered resources, i.e. build is platform dependent!
2022-01-27 21:20:13,315 [Worker-38] INFO  o.e.m.c.i.embedder.EclipseLogger - Copying 1 resource
2022-01-27 21:20:13,315 [Worker-38] WARN  o.e.m.c.i.embedder.EclipseLogger - Using platform encoding (Cp1252 actually) to copy filtered resources, i.e. build is platform dependent!
2022-01-27 21:20:13,315 [Worker-38] INFO  o.e.m.c.i.embedder.EclipseLogger - skip non existing resourceDirectory C:\libreria\libjpa\src\test\resources
2022-01-27 21:20:40,035 [Worker-12] WARN  o.e.m.c.i.embedder.EclipseLogger - Using platform encoding (Cp1252 actually) to copy filtered resources, i.e. build is platform dependent!
2022-01-27 21:20:40,050 [Worker-12] INFO  o.e.m.c.i.embedder.EclipseLogger - Copying 1 resource
2022-01-27 21:20:40,050 [Worker-12] WARN  o.e.m.c.i.embedder.EclipseLogger - Using platform encoding (Cp1252 actually) to copy filtered resources, i.e. build is platform dependent!
2022-01-27 21:20:40,050 [Worker-12] INFO  o.e.m.c.i.embedder.EclipseLogger - skip non existing resourceDirectory C:\libreria\libjpa\src\test\resources
2022-01-27 21:21:39,023 [Worker-36] WARN  o.e.m.c.i.embedder.EclipseLogger - Using platform encoding (Cp1252 actually) to copy filtered resources, i.e. build is platform dependent!
2022-01-27 21:21:39,039 [Worker-36] INFO  o.e.m.c.i.embedder.EclipseLogger - Copying 1 resource
2022-01-27 21:21:39,039 [Worker-36] WARN  o.e.m.c.i.embedder.EclipseLogger - Using platform encoding (Cp1252 actually) to copy filtered resources, i.e. build is platform dependent!
2022-01-27 21:21:39,039 [Worker-36] INFO  o.e.m.c.i.embedder.EclipseLogger - skip non existing resourceDirectory C:\libreria\libjpa\src\test\resources
2022-01-27 21:22:44,055 [Worker-34] WARN  o.e.m.c.i.embedder.EclipseLogger - Using platform encoding (Cp1252 actually) to copy filtered resources, i.e. build is platform dependent!
2022-01-27 21:22:44,061 [Worker-34] INFO  o.e.m.c.i.embedder.EclipseLogger - Copying 1 resource
2022-01-27 21:22:44,061 [Worker-34] WARN  o.e.m.c.i.embedder.EclipseLogger - Using platform encoding (Cp1252 actually) to copy filtered resources, i.e. build is platform dependent!
2022-01-27 21:22:44,061 [Worker-34] INFO  o.e.m.c.i.embedder.EclipseLogger - skip non existing resourceDirectory C:\libreria\libjpa\src\test\resources
2022-01-27 21:24:10,964 [Worker-39] WARN  o.e.m.c.i.embedder.EclipseLogger - Using platform encoding (Cp1252 actually) to copy filtered resources, i.e. build is platform dependent!
2022-01-27 21:24:10,974 [Worker-39] INFO  o.e.m.c.i.embedder.EclipseLogger - Copying 1 resource
2022-01-27 21:24:10,980 [Worker-39] WARN  o.e.m.c.i.embedder.EclipseLogger - Using platform encoding (Cp1252 actually) to copy filtered resources, i.e. build is platform dependent!
2022-01-27 21:24:10,984 [Worker-39] INFO  o.e.m.c.i.embedder.EclipseLogger - skip non existing resourceDirectory C:\libreria\libjpa\src\test\resources
2022-01-27 21:24:48,611 [Worker-34] WARN  o.e.m.c.i.embedder.EclipseLogger - Using platform encoding (Cp1252 actually) to copy filtered resources, i.e. build is platform dependent!
2022-01-27 21:24:48,627 [Worker-34] INFO  o.e.m.c.i.embedder.EclipseLogger - Copying 1 resource
2022-01-27 21:24:48,627 [Worker-34] WARN  o.e.m.c.i.embedder.EclipseLogger - Using platform encoding (Cp1252 actually) to copy filtered resources, i.e. build is platform dependent!
2022-01-27 21:24:48,627 [Worker-34] INFO  o.e.m.c.i.embedder.EclipseLogger - skip non existing resourceDirectory C:\libreria\libjpa\src\test\resources
2022-01-28 10:26:16,528 [Worker-8] WARN  o.e.m.c.i.embedder.EclipseLogger - Using platform encoding (Cp1252 actually) to copy filtered resources, i.e. build is platform dependent!
2022-01-28 10:26:16,544 [Worker-8] INFO  o.e.m.c.i.embedder.EclipseLogger - Copying 1 resource
2022-01-28 10:26:16,559 [Worker-8] WARN  o.e.m.c.i.embedder.EclipseLogger - Using platform encoding (Cp1252 actually) to copy filtered resources, i.e. build is platform dependent!
2022-01-28 10:26:16,559 [Worker-8] INFO  o.e.m.c.i.embedder.EclipseLogger - skip non existing resourceDirectory C:\libreria\libjpa\src\test\resources
2022-01-28 10:28:46,829 [Worker-17] WARN  o.e.m.c.i.embedder.EclipseLogger - Using platform encoding (Cp1252 actually) to copy filtered resources, i.e. build is platform dependent!
2022-01-28 10:28:46,907 [Worker-17] INFO  o.e.m.c.i.embedder.EclipseLogger - Copying 1 resource
2022-01-28 10:28:46,907 [Worker-17] WARN  o.e.m.c.i.embedder.EclipseLogger - Using platform encoding (Cp1252 actually) to copy filtered resources, i.e. build is platform dependent!
2022-01-28 10:28:46,923 [Worker-17] INFO  o.e.m.c.i.embedder.EclipseLogger - skip non existing resourceDirectory C:\libreria\libjpa\src\test\resources
2022-01-28 10:29:21,663 [Worker-20] WARN  o.e.m.c.i.embedder.EclipseLogger - Using platform encoding (Cp1252 actually) to copy filtered resources, i.e. build is platform dependent!
2022-01-28 10:29:21,679 [Worker-20] INFO  o.e.m.c.i.embedder.EclipseLogger - Copying 1 resource
2022-01-28 10:29:21,679 [Worker-20] WARN  o.e.m.c.i.embedder.EclipseLogger - Using platform encoding (Cp1252 actually) to copy filtered resources, i.e. build is platform dependent!
2022-01-28 10:29:21,679 [Worker-20] INFO  o.e.m.c.i.embedder.EclipseLogger - skip non existing resourceDirectory C:\libreria\libjpa\src\test\resources
2022-01-28 10:32:23,991 [Worker-17] WARN  o.e.m.c.i.embedder.EclipseLogger - Using platform encoding (Cp1252 actually) to copy filtered resources, i.e. build is platform dependent!
2022-01-28 10:32:24,023 [Worker-17] INFO  o.e.m.c.i.embedder.EclipseLogger - Copying 1 resource
2022-01-28 10:32:24,023 [Worker-17] WARN  o.e.m.c.i.embedder.EclipseLogger - Using platform encoding (Cp1252 actually) to copy filtered resources, i.e. build is platform dependent!
2022-01-28 10:32:24,023 [Worker-17] INFO  o.e.m.c.i.embedder.EclipseLogger - skip non existing resourceDirectory C:\libreria\libjpa\src\test\resources
2022-01-28 10:33:34,191 [Worker-18] WARN  o.e.m.c.i.embedder.EclipseLogger - Using platform encoding (Cp1252 actually) to copy filtered resources, i.e. build is platform dependent!
2022-01-28 10:33:34,191 [Worker-18] INFO  o.e.m.c.i.embedder.EclipseLogger - Copying 1 resource
2022-01-28 10:33:34,191 [Worker-18] WARN  o.e.m.c.i.embedder.EclipseLogger - Using platform encoding (Cp1252 actually) to copy filtered resources, i.e. build is platform dependent!
2022-01-28 10:33:34,207 [Worker-18] INFO  o.e.m.c.i.embedder.EclipseLogger - skip non existing resourceDirectory C:\libreria\libjpa\src\test\resources
2022-01-28 10:37:47,088 [Worker-18] WARN  o.e.m.c.i.embedder.EclipseLogger - Using platform encoding (Cp1252 actually) to copy filtered resources, i.e. build is platform dependent!
2022-01-28 10:37:47,104 [Worker-18] INFO  o.e.m.c.i.embedder.EclipseLogger - Copying 1 resource
2022-01-28 10:37:47,104 [Worker-18] WARN  o.e.m.c.i.embedder.EclipseLogger - Using platform encoding (Cp1252 actually) to copy filtered resources, i.e. build is platform dependent!
2022-01-28 10:37:47,104 [Worker-18] INFO  o.e.m.c.i.embedder.EclipseLogger - skip non existing resourceDirectory C:\libreria\libjpa\src\test\resources
2022-01-28 10:38:11,898 [Worker-23] WARN  o.e.m.c.i.embedder.EclipseLogger - Using platform encoding (Cp1252 actually) to copy filtered resources, i.e. build is platform dependent!
2022-01-28 10:38:11,898 [Worker-23] INFO  o.e.m.c.i.embedder.EclipseLogger - Copying 1 resource
2022-01-28 10:38:11,898 [Worker-23] WARN  o.e.m.c.i.embedder.EclipseLogger - Using platform encoding (Cp1252 actually) to copy filtered resources, i.e. build is platform dependent!
2022-01-28 10:38:11,898 [Worker-23] INFO  o.e.m.c.i.embedder.EclipseLogger - skip non existing resourceDirectory C:\libreria\libjpa\src\test\resources
2022-01-28 10:39:26,639 [Worker-23] WARN  o.e.m.c.i.embedder.EclipseLogger - Using platform encoding (Cp1252 actually) to copy filtered resources, i.e. build is platform dependent!
2022-01-28 10:39:26,639 [Worker-23] INFO  o.e.m.c.i.embedder.EclipseLogger - Copying 1 resource
2022-01-28 10:39:26,655 [Worker-23] WARN  o.e.m.c.i.embedder.EclipseLogger - Using platform encoding (Cp1252 actually) to copy filtered resources, i.e. build is platform dependent!
2022-01-28 10:39:26,657 [Worker-23] INFO  o.e.m.c.i.embedder.EclipseLogger - skip non existing resourceDirectory C:\libreria\libjpa\src\test\resources
2022-01-28 10:39:58,531 [Worker-27] WARN  o.e.m.c.i.embedder.EclipseLogger - Using platform encoding (Cp1252 actually) to copy filtered resources, i.e. build is platform dependent!
2022-01-28 10:39:58,547 [Worker-27] INFO  o.e.m.c.i.embedder.EclipseLogger - Copying 1 resource
2022-01-28 10:39:58,547 [Worker-27] WARN  o.e.m.c.i.embedder.EclipseLogger - Using platform encoding (Cp1252 actually) to copy filtered resources, i.e. build is platform dependent!
2022-01-28 10:39:58,547 [Worker-27] INFO  o.e.m.c.i.embedder.EclipseLogger - skip non existing resourceDirectory C:\libreria\libjpa\src\test\resources
2022-01-28 10:41:37,468 [Worker-22] WARN  o.e.m.c.i.embedder.EclipseLogger - Using platform encoding (Cp1252 actually) to copy filtered resources, i.e. build is platform dependent!
2022-01-28 10:41:37,484 [Worker-22] INFO  o.e.m.c.i.embedder.EclipseLogger - Copying 1 resource
2022-01-28 10:41:37,484 [Worker-22] WARN  o.e.m.c.i.embedder.EclipseLogger - Using platform encoding (Cp1252 actually) to copy filtered resources, i.e. build is platform dependent!
2022-01-28 10:41:37,484 [Worker-22] INFO  o.e.m.c.i.embedder.EclipseLogger - skip non existing resourceDirectory C:\libreria\libjpa\src\test\resources
2022-01-28 10:43:14,625 [Worker-28] WARN  o.e.m.c.i.embedder.EclipseLogger - Using platform encoding (Cp1252 actually) to copy filtered resources, i.e. build is platform dependent!
2022-01-28 10:43:14,641 [Worker-28] INFO  o.e.m.c.i.embedder.EclipseLogger - Copying 1 resource
2022-01-28 10:43:14,641 [Worker-28] WARN  o.e.m.c.i.embedder.EclipseLogger - Using platform encoding (Cp1252 actually) to copy filtered resources, i.e. build is platform dependent!
2022-01-28 10:43:14,641 [Worker-28] INFO  o.e.m.c.i.embedder.EclipseLogger - skip non existing resourceDirectory C:\libreria\libjpa\src\test\resources
2022-01-28 12:14:24,368 [Worker-58] WARN  o.e.m.c.i.embedder.EclipseLogger - Using platform encoding (Cp1252 actually) to copy filtered resources, i.e. build is platform dependent!
2022-01-28 12:14:24,384 [Worker-58] INFO  o.e.m.c.i.embedder.EclipseLogger - Copying 1 resource
2022-01-28 12:14:24,384 [Worker-58] WARN  o.e.m.c.i.embedder.EclipseLogger - Using platform encoding (Cp1252 actually) to copy filtered resources, i.e. build is platform dependent!
2022-01-28 12:14:24,384 [Worker-58] INFO  o.e.m.c.i.embedder.EclipseLogger - skip non existing resourceDirectory C:\libreria\libjpa\src\test\resources
2022-01-28 12:23:34,524 [Worker-56] INFO  o.e.m.c.i.l.LifecycleMappingFactory - Using org.maven.ide.eclipse.wtp.WarLifecycleMapping lifecycle mapping for MavenProject: libreria:libreria:0.0.1-SNAPSHOT @ C:\libreria\libreria\pom.xml.
2022-01-28 12:23:37,071 [Worker-56] INFO  o.e.m.j.i.AbstractJavaProjectConfigurator - Adding source folder /libreria/src
2022-01-28 12:23:37,087 [Worker-56] INFO  o.e.m.j.i.AbstractJavaProjectConfigurator - Not adding source folder /libreria/src/test/java because it overlaps with /libreria/src
2022-01-28 12:23:37,831 [Worker-56] INFO  o.e.m.c.i.p.ProjectConfigurationManager - Update started
2022-01-28 12:23:37,863 [Worker-65] WARN  o.e.m.c.i.embedder.EclipseLogger - Using platform encoding (Cp1252 actually) to copy filtered resources, i.e. build is platform dependent!
2022-01-28 12:23:37,863 [Worker-65] INFO  o.e.m.c.i.embedder.EclipseLogger - skip non existing resourceDirectory C:\libreria\libreria\src\main\resources
2022-01-28 12:23:37,878 [Worker-65] WARN  o.e.m.c.i.embedder.EclipseLogger - Using platform encoding (Cp1252 actually) to copy filtered resources, i.e. build is platform dependent!
2022-01-28 12:23:37,878 [Worker-65] INFO  o.e.m.c.i.embedder.EclipseLogger - skip non existing resourceDirectory C:\libreria\libreria\src\test\resources
2022-01-28 12:23:39,206 [Worker-56] INFO  o.e.m.c.i.l.LifecycleMappingFactory - Using org.maven.ide.eclipse.wtp.WarLifecycleMapping lifecycle mapping for MavenProject: libreria:libreria:0.0.1-SNAPSHOT @ C:\libreria\libreria\pom.xml.
2022-01-28 12:23:40,527 [Worker-56] INFO  o.e.m.j.i.AbstractJavaProjectConfigurator - Adding source folder /libreria/src
2022-01-28 12:23:40,527 [Worker-56] INFO  o.e.m.j.i.AbstractJavaProjectConfigurator - Not adding source folder /libreria/src/test/java because it overlaps with /libreria/src
2022-01-28 12:23:41,011 [Worker-56] INFO  o.e.m.w.i.f.ResourceFilteringBuildParticipant - Cleaning filtered folder for libreria
2022-01-28 12:23:41,027 [Worker-56] INFO  o.e.m.c.i.p.ProjectConfigurationManager - Update completed: 3 sec
2022-01-28 12:23:41,183 [Worker-53] WARN  o.e.m.c.i.embedder.EclipseLogger - Using platform encoding (Cp1252 actually) to copy filtered resources, i.e. build is platform dependent!
2022-01-28 12:23:41,183 [Worker-53] INFO  o.e.m.c.i.embedder.EclipseLogger - skip non existing resourceDirectory C:\libreria\libreria\src\main\resources
2022-01-28 12:23:41,198 [Worker-53] WARN  o.e.m.c.i.embedder.EclipseLogger - Using platform encoding (Cp1252 actually) to copy filtered resources, i.e. build is platform dependent!
2022-01-28 12:23:41,198 [Worker-53] INFO  o.e.m.c.i.embedder.EclipseLogger - skip non existing resourceDirectory C:\libreria\libreria\src\test\resources
2022-01-28 12:26:10,294 [Worker-65] INFO  o.e.m.c.i.l.LifecycleMappingFactory - Using org.maven.ide.eclipse.wtp.WarLifecycleMapping lifecycle mapping for MavenProject: libreria:libreria:0.0.1-SNAPSHOT @ C:\libreria\libreria\pom.xml.
2022-01-28 12:26:14,172 [Worker-65] WARN  o.e.m.c.i.embedder.EclipseLogger - Using platform encoding (Cp1252 actually) to copy filtered resources, i.e. build is platform dependent!
2022-01-28 12:26:14,172 [Worker-65] INFO  o.e.m.c.i.embedder.EclipseLogger - skip non existing resourceDirectory C:\libreria\libreria\src\main\resources
2022-01-28 12:26:14,172 [Worker-65] WARN  o.e.m.c.i.embedder.EclipseLogger - Using platform encoding (Cp1252 actually) to copy filtered resources, i.e. build is platform dependent!
2022-01-28 12:26:14,172 [Worker-65] INFO  o.e.m.c.i.embedder.EclipseLogger - skip non existing resourceDirectory C:\libreria\libreria\src\test\resources
2022-01-28 12:26:14,172 [Worker-65] INFO  o.e.m.w.i.f.ResourceFilteringBuildParticipant - Changed resources require a complete clean of filtered resources of libreria
2022-01-28 12:26:14,172 [Worker-65] INFO  o.e.m.w.i.f.ResourceFilteringBuildParticipant - Executing resource filtering for libreria
2022-01-28 12:26:14,250 [Worker-65] WARN  o.e.m.c.i.embedder.EclipseLogger - Using platform encoding (Cp1252 actually) to copy filtered resources, i.e. build is platform dependent!
2022-01-28 12:26:15,687 [Worker-59] WARN  o.e.m.c.i.embedder.EclipseLogger - Using platform encoding (Cp1252 actually) to copy filtered resources, i.e. build is platform dependent!
2022-01-28 12:26:15,687 [Worker-59] INFO  o.e.m.c.i.embedder.EclipseLogger - Copying 1 resource
2022-01-28 12:26:15,718 [Worker-59] WARN  o.e.m.c.i.embedder.EclipseLogger - Using platform encoding (Cp1252 actually) to copy filtered resources, i.e. build is platform dependent!
2022-01-28 12:26:15,734 [Worker-59] INFO  o.e.m.c.i.embedder.EclipseLogger - skip non existing resourceDirectory C:\libreria\libjpa\src\test\resources
2022-01-28 12:26:54,488 [Worker-65] INFO  o.e.m.c.i.p.ProjectConfigurationManager - Update started
2022-01-28 12:26:55,441 [Worker-65] INFO  o.e.m.c.i.l.LifecycleMappingFactory - Using org.maven.ide.eclipse.wtp.WarLifecycleMapping lifecycle mapping for MavenProject: libreria:libreria:0.0.1-SNAPSHOT @ C:\libreria\libreria\pom.xml.
2022-01-28 12:26:58,195 [Worker-65] INFO  o.e.m.j.i.AbstractJavaProjectConfigurator - Adding source folder /libreria/src
2022-01-28 12:26:58,195 [Worker-65] INFO  o.e.m.j.i.AbstractJavaProjectConfigurator - Not adding source folder /libreria/src/test/java because it overlaps with /libreria/src
2022-01-28 12:26:59,382 [Worker-65] INFO  o.e.m.w.i.f.ResourceFilteringBuildParticipant - Cleaning filtered folder for libreria
2022-01-28 12:26:59,398 [Worker-65] INFO  o.e.m.c.i.p.ProjectConfigurationManager - Update completed: 4 sec
2022-01-28 12:27:00,085 [Worker-59] WARN  o.e.m.c.i.embedder.EclipseLogger - Using platform encoding (Cp1252 actually) to copy filtered resources, i.e. build is platform dependent!
2022-01-28 12:27:00,085 [Worker-59] INFO  o.e.m.c.i.embedder.EclipseLogger - skip non existing resourceDirectory C:\libreria\libreria\src\main\resources
2022-01-28 12:27:00,085 [Worker-59] WARN  o.e.m.c.i.embedder.EclipseLogger - Using platform encoding (Cp1252 actually) to copy filtered resources, i.e. build is platform dependent!
2022-01-28 12:27:00,085 [Worker-59] INFO  o.e.m.c.i.embedder.EclipseLogger - skip non existing resourceDirectory C:\libreria\libreria\src\test\resources
2022-01-28 12:27:53,204 [Worker-70] WARN  o.e.m.c.i.embedder.EclipseLogger - Using platform encoding (Cp1252 actually) to copy filtered resources, i.e. build is platform dependent!
2022-01-28 12:27:53,204 [Worker-70] INFO  o.e.m.c.i.embedder.EclipseLogger - skip non existing resourceDirectory C:\libreria\libreria\src\main\resources
2022-01-28 12:27:53,204 [Worker-70] WARN  o.e.m.c.i.embedder.EclipseLogger - Using platform encoding (Cp1252 actually) to copy filtered resources, i.e. build is platform dependent!
2022-01-28 12:27:53,204 [Worker-70] INFO  o.e.m.c.i.embedder.EclipseLogger - skip non existing resourceDirectory C:\libreria\libreria\src\test\resources
2022-01-28 12:28:15,585 [Worker-68] WARN  o.e.m.c.i.embedder.EclipseLogger - Using platform encoding (Cp1252 actually) to copy filtered resources, i.e. build is platform dependent!
2022-01-28 12:28:15,585 [Worker-68] INFO  o.e.m.c.i.embedder.EclipseLogger - skip non existing resourceDirectory C:\libreria\libreria\src\main\resources
2022-01-28 12:28:15,585 [Worker-68] WARN  o.e.m.c.i.embedder.EclipseLogger - Using platform encoding (Cp1252 actually) to copy filtered resources, i.e. build is platform dependent!
2022-01-28 12:28:15,585 [Worker-68] INFO  o.e.m.c.i.embedder.EclipseLogger - skip non existing resourceDirectory C:\libreria\libreria\src\test\resources
2022-01-28 12:29:14,615 [Worker-68] WARN  o.e.m.c.i.embedder.EclipseLogger - Using platform encoding (Cp1252 actually) to copy filtered resources, i.e. build is platform dependent!
2022-01-28 12:29:14,615 [Worker-68] INFO  o.e.m.c.i.embedder.EclipseLogger - skip non existing resourceDirectory C:\libreria\libreria\src\main\resources
2022-01-28 12:29:14,630 [Worker-68] WARN  o.e.m.c.i.embedder.EclipseLogger - Using platform encoding (Cp1252 actually) to copy filtered resources, i.e. build is platform dependent!
2022-01-28 12:29:14,630 [Worker-68] INFO  o.e.m.c.i.embedder.EclipseLogger - skip non existing resourceDirectory C:\libreria\libreria\src\test\resources
2022-01-28 13:20:40,735 [Worker-76] WARN  o.e.m.c.i.embedder.EclipseLogger - Using platform encoding (Cp1252 actually) to copy filtered resources, i.e. build is platform dependent!
2022-01-28 13:20:40,735 [Worker-76] INFO  o.e.m.c.i.embedder.EclipseLogger - skip non existing resourceDirectory C:\libreria\libreria\src\main\resources
2022-01-28 13:20:40,735 [Worker-76] WARN  o.e.m.c.i.embedder.EclipseLogger - Using platform encoding (Cp1252 actually) to copy filtered resources, i.e. build is platform dependent!
2022-01-28 13:20:40,735 [Worker-76] INFO  o.e.m.c.i.embedder.EclipseLogger - skip non existing resourceDirectory C:\libreria\libreria\src\test\resources
2022-01-28 13:40:24,134 [Worker-88] WARN  o.e.m.c.i.embedder.EclipseLogger - Using platform encoding (Cp1252 actually) to copy filtered resources, i.e. build is platform dependent!
2022-01-28 13:40:24,134 [Worker-88] INFO  o.e.m.c.i.embedder.EclipseLogger - skip non existing resourceDirectory C:\libreria\libreria\src\main\resources
2022-01-28 13:40:24,134 [Worker-88] WARN  o.e.m.c.i.embedder.EclipseLogger - Using platform encoding (Cp1252 actually) to copy filtered resources, i.e. build is platform dependent!
2022-01-28 13:40:24,134 [Worker-88] INFO  o.e.m.c.i.embedder.EclipseLogger - skip non existing resourceDirectory C:\libreria\libreria\src\test\resources
2022-01-28 13:42:18,724 [Worker-84] WARN  o.e.m.c.i.embedder.EclipseLogger - Using platform encoding (Cp1252 actually) to copy filtered resources, i.e. build is platform dependent!
2022-01-28 13:42:18,724 [Worker-84] INFO  o.e.m.c.i.embedder.EclipseLogger - skip non existing resourceDirectory C:\libreria\libreria\src\main\resources
2022-01-28 13:42:18,724 [Worker-84] WARN  o.e.m.c.i.embedder.EclipseLogger - Using platform encoding (Cp1252 actually) to copy filtered resources, i.e. build is platform dependent!
2022-01-28 13:42:18,724 [Worker-84] INFO  o.e.m.c.i.embedder.EclipseLogger - skip non existing resourceDirectory C:\libreria\libreria\src\test\resources
2022-01-28 13:42:36,388 [Worker-86] WARN  o.e.m.c.i.embedder.EclipseLogger - Using platform encoding (Cp1252 actually) to copy filtered resources, i.e. build is platform dependent!
2022-01-28 13:42:36,388 [Worker-86] INFO  o.e.m.c.i.embedder.EclipseLogger - skip non existing resourceDirectory C:\libreria\libreria\src\main\resources
2022-01-28 13:42:36,388 [Worker-86] WARN  o.e.m.c.i.embedder.EclipseLogger - Using platform encoding (Cp1252 actually) to copy filtered resources, i.e. build is platform dependent!
2022-01-28 13:42:36,388 [Worker-86] INFO  o.e.m.c.i.embedder.EclipseLogger - skip non existing resourceDirectory C:\libreria\libreria\src\test\resources
2022-01-28 13:45:46,121 [Worker-90] WARN  o.e.m.c.i.embedder.EclipseLogger - Using platform encoding (Cp1252 actually) to copy filtered resources, i.e. build is platform dependent!
2022-01-28 13:45:46,121 [Worker-90] INFO  o.e.m.c.i.embedder.EclipseLogger - skip non existing resourceDirectory C:\libreria\libreria\src\main\resources
2022-01-28 13:45:46,121 [Worker-90] WARN  o.e.m.c.i.embedder.EclipseLogger - Using platform encoding (Cp1252 actually) to copy filtered resources, i.e. build is platform dependent!
2022-01-28 13:45:46,121 [Worker-90] INFO  o.e.m.c.i.embedder.EclipseLogger - skip non existing resourceDirectory C:\libreria\libreria\src\test\resources
2022-01-28 13:45:54,841 [Worker-90] WARN  o.e.m.c.i.embedder.EclipseLogger - Using platform encoding (Cp1252 actually) to copy filtered resources, i.e. build is platform dependent!
2022-01-28 13:45:54,841 [Worker-90] INFO  o.e.m.c.i.embedder.EclipseLogger - skip non existing resourceDirectory C:\libreria\libreria\src\main\resources
2022-01-28 13:45:54,841 [Worker-90] WARN  o.e.m.c.i.embedder.EclipseLogger - Using platform encoding (Cp1252 actually) to copy filtered resources, i.e. build is platform dependent!
2022-01-28 13:45:54,841 [Worker-90] INFO  o.e.m.c.i.embedder.EclipseLogger - skip non existing resourceDirectory C:\libreria\libreria\src\test\resources
2022-01-28 13:56:22,598 [Worker-6] WARN  o.e.m.c.i.embedder.EclipseLogger - Using platform encoding (Cp1252 actually) to copy filtered resources, i.e. build is platform dependent!
2022-01-28 13:56:22,614 [Worker-6] INFO  o.e.m.c.i.embedder.EclipseLogger - skip non existing resourceDirectory C:\libreria\libreria\src\main\resources
2022-01-28 13:56:22,614 [Worker-6] WARN  o.e.m.c.i.embedder.EclipseLogger - Using platform encoding (Cp1252 actually) to copy filtered resources, i.e. build is platform dependent!
2022-01-28 13:56:22,614 [Worker-6] INFO  o.e.m.c.i.embedder.EclipseLogger - skip non existing resourceDirectory C:\libreria\libreria\src\test\resources
2022-01-28 15:00:40,002 [Worker-13] WARN  o.e.m.c.i.embedder.EclipseLogger - Using platform encoding (Cp1252 actually) to copy filtered resources, i.e. build is platform dependent!
2022-01-28 15:00:40,002 [Worker-13] INFO  o.e.m.c.i.embedder.EclipseLogger - skip non existing resourceDirectory C:\libreria\libreria\src\main\resources
2022-01-28 15:00:40,002 [Worker-13] WARN  o.e.m.c.i.embedder.EclipseLogger - Using platform encoding (Cp1252 actually) to copy filtered resources, i.e. build is platform dependent!
2022-01-28 15:00:40,002 [Worker-13] INFO  o.e.m.c.i.embedder.EclipseLogger - skip non existing resourceDirectory C:\libreria\libreria\src\test\resources
2022-01-28 15:01:35,426 [Worker-12] WARN  o.e.m.c.i.embedder.EclipseLogger - Using platform encoding (Cp1252 actually) to copy filtered resources, i.e. build is platform dependent!
2022-01-28 15:01:35,426 [Worker-12] INFO  o.e.m.c.i.embedder.EclipseLogger - skip non existing resourceDirectory C:\libreria\libreria\src\main\resources
2022-01-28 15:01:35,426 [Worker-12] WARN  o.e.m.c.i.embedder.EclipseLogger - Using platform encoding (Cp1252 actually) to copy filtered resources, i.e. build is platform dependent!
2022-01-28 15:01:35,426 [Worker-12] INFO  o.e.m.c.i.embedder.EclipseLogger - skip non existing resourceDirectory C:\libreria\libreria\src\test\resources
2022-01-28 15:01:56,190 [Worker-14] WARN  o.e.m.c.i.embedder.EclipseLogger - Using platform encoding (Cp1252 actually) to copy filtered resources, i.e. build is platform dependent!
2022-01-28 15:01:56,190 [Worker-14] INFO  o.e.m.c.i.embedder.EclipseLogger - skip non existing resourceDirectory C:\libreria\libreria\src\main\resources
2022-01-28 15:01:56,190 [Worker-14] WARN  o.e.m.c.i.embedder.EclipseLogger - Using platform encoding (Cp1252 actually) to copy filtered resources, i.e. build is platform dependent!
2022-01-28 15:01:56,206 [Worker-14] INFO  o.e.m.c.i.embedder.EclipseLogger - skip non existing resourceDirectory C:\libreria\libreria\src\test\resources
2022-01-28 15:18:17,867 [Worker-23] WARN  o.e.m.c.i.embedder.EclipseLogger - Using platform encoding (Cp1252 actually) to copy filtered resources, i.e. build is platform dependent!
2022-01-28 15:18:17,883 [Worker-23] INFO  o.e.m.c.i.embedder.EclipseLogger - Copying 1 resource
2022-01-28 15:18:17,899 [Worker-23] WARN  o.e.m.c.i.embedder.EclipseLogger - Using platform encoding (Cp1252 actually) to copy filtered resources, i.e. build is platform dependent!
2022-01-28 15:18:17,899 [Worker-23] INFO  o.e.m.c.i.embedder.EclipseLogger - skip non existing resourceDirectory C:\libreria\libjpa\src\test\resources
2022-01-28 15:22:11,284 [Worker-25] WARN  o.e.m.c.i.embedder.EclipseLogger - Using platform encoding (Cp1252 actually) to copy filtered resources, i.e. build is platform dependent!
2022-01-28 15:22:11,299 [Worker-25] INFO  o.e.m.c.i.embedder.EclipseLogger - Copying 1 resource
2022-01-28 15:22:11,299 [Worker-25] WARN  o.e.m.c.i.embedder.EclipseLogger - Using platform encoding (Cp1252 actually) to copy filtered resources, i.e. build is platform dependent!
2022-01-28 15:22:11,299 [Worker-25] INFO  o.e.m.c.i.embedder.EclipseLogger - skip non existing resourceDirectory C:\libreria\libjpa\src\test\resources
2022-01-28 15:38:47,553 [Worker-38] WARN  o.e.m.c.i.embedder.EclipseLogger - Using platform encoding (Cp1252 actually) to copy filtered resources, i.e. build is platform dependent!
2022-01-28 15:38:47,569 [Worker-38] INFO  o.e.m.c.i.embedder.EclipseLogger - Copying 1 resource
2022-01-28 15:38:47,569 [Worker-38] WARN  o.e.m.c.i.embedder.EclipseLogger - Using platform encoding (Cp1252 actually) to copy filtered resources, i.e. build is platform dependent!
2022-01-28 15:38:47,569 [Worker-38] INFO  o.e.m.c.i.embedder.EclipseLogger - skip non existing resourceDirectory C:\libreria\libjpa\src\test\resources
2022-01-28 15:48:48,355 [Worker-41] WARN  o.e.m.c.i.embedder.EclipseLogger - Using platform encoding (Cp1252 actually) to copy filtered resources, i.e. build is platform dependent!
2022-01-28 15:48:48,371 [Worker-41] INFO  o.e.m.c.i.embedder.EclipseLogger - Copying 1 resource
2022-01-28 15:48:48,371 [Worker-41] WARN  o.e.m.c.i.embedder.EclipseLogger - Using platform encoding (Cp1252 actually) to copy filtered resources, i.e. build is platform dependent!
2022-01-28 15:48:48,371 [Worker-41] INFO  o.e.m.c.i.embedder.EclipseLogger - skip non existing resourceDirectory C:\libreria\libjpa\src\test\resources
2022-01-28 15:49:52,977 [Worker-44] WARN  o.e.m.c.i.embedder.EclipseLogger - Using platform encoding (Cp1252 actually) to copy filtered resources, i.e. build is platform dependent!
2022-01-28 15:49:52,977 [Worker-44] INFO  o.e.m.c.i.embedder.EclipseLogger - Copying 1 resource
2022-01-28 15:49:52,977 [Worker-44] WARN  o.e.m.c.i.embedder.EclipseLogger - Using platform encoding (Cp1252 actually) to copy filtered resources, i.e. build is platform dependent!
2022-01-28 15:49:52,977 [Worker-44] INFO  o.e.m.c.i.embedder.EclipseLogger - skip non existing resourceDirectory C:\libreria\libjpa\src\test\resources
2022-01-28 15:52:59,255 [Worker-36] WARN  o.e.m.c.i.embedder.EclipseLogger - Using platform encoding (Cp1252 actually) to copy filtered resources, i.e. build is platform dependent!
2022-01-28 15:52:59,270 [Worker-36] INFO  o.e.m.c.i.embedder.EclipseLogger - Copying 1 resource
2022-01-28 15:52:59,270 [Worker-36] WARN  o.e.m.c.i.embedder.EclipseLogger - Using platform encoding (Cp1252 actually) to copy filtered resources, i.e. build is platform dependent!
2022-01-28 15:52:59,270 [Worker-36] INFO  o.e.m.c.i.embedder.EclipseLogger - skip non existing resourceDirectory C:\libreria\libjpa\src\test\resources
2022-01-28 16:04:42,068 [Worker-49] WARN  o.e.m.c.i.embedder.EclipseLogger - Using platform encoding (Cp1252 actually) to copy filtered resources, i.e. build is platform dependent!
2022-01-28 16:04:42,084 [Worker-49] INFO  o.e.m.c.i.embedder.EclipseLogger - Copying 1 resource
2022-01-28 16:04:42,084 [Worker-49] WARN  o.e.m.c.i.embedder.EclipseLogger - Using platform encoding (Cp1252 actually) to copy filtered resources, i.e. build is platform dependent!
2022-01-28 16:04:42,084 [Worker-49] INFO  o.e.m.c.i.embedder.EclipseLogger - skip non existing resourceDirectory C:\libreria\libjpa\src\test\resources
2022-01-28 17:48:11,727 [Worker-61] WARN  o.e.m.c.i.embedder.EclipseLogger - Using platform encoding (Cp1252 actually) to copy filtered resources, i.e. build is platform dependent!
2022-01-28 17:48:11,742 [Worker-61] INFO  o.e.m.c.i.embedder.EclipseLogger - Copying 1 resource
2022-01-28 17:48:11,758 [Worker-61] WARN  o.e.m.c.i.embedder.EclipseLogger - Using platform encoding (Cp1252 actually) to copy filtered resources, i.e. build is platform dependent!
2022-01-28 17:48:11,758 [Worker-61] INFO  o.e.m.c.i.embedder.EclipseLogger - skip non existing resourceDirectory C:\libreria\libjpa\src\test\resources
2022-01-28 17:56:14,986 [Worker-59] WARN  o.e.m.c.i.embedder.EclipseLogger - Using platform encoding (Cp1252 actually) to copy filtered resources, i.e. build is platform dependent!
2022-01-28 17:56:15,002 [Worker-59] INFO  o.e.m.c.i.embedder.EclipseLogger - Copying 1 resource
2022-01-28 17:56:15,002 [Worker-59] WARN  o.e.m.c.i.embedder.EclipseLogger - Using platform encoding (Cp1252 actually) to copy filtered resources, i.e. build is platform dependent!
2022-01-28 17:56:15,002 [Worker-59] INFO  o.e.m.c.i.embedder.EclipseLogger - skip non existing resourceDirectory C:\libreria\libjpa\src\test\resources
2022-01-28 18:00:12,724 [Worker-68] WARN  o.e.m.c.i.embedder.EclipseLogger - Using platform encoding (Cp1252 actually) to copy filtered resources, i.e. build is platform dependent!
2022-01-28 18:00:12,724 [Worker-68] INFO  o.e.m.c.i.embedder.EclipseLogger - skip non existing resourceDirectory C:\libreria\libreria\src\main\resources
2022-01-28 18:00:12,724 [Worker-68] WARN  o.e.m.c.i.embedder.EclipseLogger - Using platform encoding (Cp1252 actually) to copy filtered resources, i.e. build is platform dependent!
2022-01-28 18:00:12,724 [Worker-68] INFO  o.e.m.c.i.embedder.EclipseLogger - skip non existing resourceDirectory C:\libreria\libreria\src\test\resources
2022-01-28 18:01:30,290 [Worker-69] WARN  o.e.m.c.i.embedder.EclipseLogger - Using platform encoding (Cp1252 actually) to copy filtered resources, i.e. build is platform dependent!
2022-01-28 18:01:30,290 [Worker-69] INFO  o.e.m.c.i.embedder.EclipseLogger - skip non existing resourceDirectory C:\libreria\libreria\src\main\resources
2022-01-28 18:01:30,290 [Worker-69] WARN  o.e.m.c.i.embedder.EclipseLogger - Using platform encoding (Cp1252 actually) to copy filtered resources, i.e. build is platform dependent!
2022-01-28 18:01:30,290 [Worker-69] INFO  o.e.m.c.i.embedder.EclipseLogger - skip non existing resourceDirectory C:\libreria\libreria\src\test\resources
2022-01-28 18:03:20,490 [Worker-62] WARN  o.e.m.c.i.embedder.EclipseLogger - Using platform encoding (Cp1252 actually) to copy filtered resources, i.e. build is platform dependent!
2022-01-28 18:03:20,490 [Worker-62] INFO  o.e.m.c.i.embedder.EclipseLogger - skip non existing resourceDirectory C:\libreria\libreria\src\main\resources
2022-01-28 18:03:20,490 [Worker-62] WARN  o.e.m.c.i.embedder.EclipseLogger - Using platform encoding (Cp1252 actually) to copy filtered resources, i.e. build is platform dependent!
2022-01-28 18:03:20,490 [Worker-62] INFO  o.e.m.c.i.embedder.EclipseLogger - skip non existing resourceDirectory C:\libreria\libreria\src\test\resources
2022-01-28 18:07:41,785 [Worker-69] WARN  o.e.m.c.i.embedder.EclipseLogger - Using platform encoding (Cp1252 actually) to copy filtered resources, i.e. build is platform dependent!
2022-01-28 18:07:41,785 [Worker-69] INFO  o.e.m.c.i.embedder.EclipseLogger - skip non existing resourceDirectory C:\libreria\libreria\src\main\resources
2022-01-28 18:07:41,785 [Worker-69] WARN  o.e.m.c.i.embedder.EclipseLogger - Using platform encoding (Cp1252 actually) to copy filtered resources, i.e. build is platform dependent!
2022-01-28 18:07:41,785 [Worker-69] INFO  o.e.m.c.i.embedder.EclipseLogger - skip non existing resourceDirectory C:\libreria\libreria\src\test\resources
2022-01-28 18:09:20,590 [Worker-62] WARN  o.e.m.c.i.embedder.EclipseLogger - Using platform encoding (Cp1252 actually) to copy filtered resources, i.e. build is platform dependent!
2022-01-28 18:09:20,590 [Worker-62] INFO  o.e.m.c.i.embedder.EclipseLogger - skip non existing resourceDirectory C:\libreria\libreria\src\main\resources
2022-01-28 18:09:20,590 [Worker-62] WARN  o.e.m.c.i.embedder.EclipseLogger - Using platform encoding (Cp1252 actually) to copy filtered resources, i.e. build is platform dependent!
2022-01-28 18:09:20,590 [Worker-62] INFO  o.e.m.c.i.embedder.EclipseLogger - skip non existing resourceDirectory C:\libreria\libreria\src\test\resources
2022-01-28 18:10:34,188 [Worker-69] WARN  o.e.m.c.i.embedder.EclipseLogger - Using platform encoding (Cp1252 actually) to copy filtered resources, i.e. build is platform dependent!
2022-01-28 18:10:34,188 [Worker-69] INFO  o.e.m.c.i.embedder.EclipseLogger - skip non existing resourceDirectory C:\libreria\libreria\src\main\resources
2022-01-28 18:10:34,188 [Worker-69] WARN  o.e.m.c.i.embedder.EclipseLogger - Using platform encoding (Cp1252 actually) to copy filtered resources, i.e. build is platform dependent!
2022-01-28 18:10:34,204 [Worker-69] INFO  o.e.m.c.i.embedder.EclipseLogger - skip non existing resourceDirectory C:\libreria\libreria\src\test\resources
2022-01-28 18:11:39,011 [Worker-68] WARN  o.e.m.c.i.embedder.EclipseLogger - Using platform encoding (Cp1252 actually) to copy filtered resources, i.e. build is platform dependent!
2022-01-28 18:11:39,011 [Worker-68] INFO  o.e.m.c.i.embedder.EclipseLogger - skip non existing resourceDirectory C:\libreria\libreria\src\main\resources
2022-01-28 18:11:39,011 [Worker-68] WARN  o.e.m.c.i.embedder.EclipseLogger - Using platform encoding (Cp1252 actually) to copy filtered resources, i.e. build is platform dependent!
2022-01-28 18:11:39,011 [Worker-68] INFO  o.e.m.c.i.embedder.EclipseLogger - skip non existing resourceDirectory C:\libreria\libreria\src\test\resources
2022-01-28 18:15:53,344 [Worker-70] WARN  o.e.m.c.i.embedder.EclipseLogger - Using platform encoding (Cp1252 actually) to copy filtered resources, i.e. build is platform dependent!
2022-01-28 18:15:53,344 [Worker-70] INFO  o.e.m.c.i.embedder.EclipseLogger - skip non existing resourceDirectory C:\libreria\libreria\src\main\resources
2022-01-28 18:15:53,344 [Worker-70] WARN  o.e.m.c.i.embedder.EclipseLogger - Using platform encoding (Cp1252 actually) to copy filtered resources, i.e. build is platform dependent!
2022-01-28 18:15:53,344 [Worker-70] INFO  o.e.m.c.i.embedder.EclipseLogger - skip non existing resourceDirectory C:\libreria\libreria\src\test\resources
2022-01-28 18:16:08,422 [Worker-70] WARN  o.e.m.c.i.embedder.EclipseLogger - Using platform encoding (Cp1252 actually) to copy filtered resources, i.e. build is platform dependent!
2022-01-28 18:16:08,422 [Worker-70] INFO  o.e.m.c.i.embedder.EclipseLogger - skip non existing resourceDirectory C:\libreria\libreria\src\main\resources
2022-01-28 18:16:08,422 [Worker-70] WARN  o.e.m.c.i.embedder.EclipseLogger - Using platform encoding (Cp1252 actually) to copy filtered resources, i.e. build is platform dependent!
2022-01-28 18:16:08,438 [Worker-70] INFO  o.e.m.c.i.embedder.EclipseLogger - skip non existing resourceDirectory C:\libreria\libreria\src\test\resources
2022-01-28 18:30:59,019 [Worker-74] WARN  o.e.m.c.i.embedder.EclipseLogger - Using platform encoding (Cp1252 actually) to copy filtered resources, i.e. build is platform dependent!
2022-01-28 18:30:59,019 [Worker-74] INFO  o.e.m.c.i.embedder.EclipseLogger - skip non existing resourceDirectory C:\libreria\libreria\src\main\resources
2022-01-28 18:30:59,019 [Worker-74] WARN  o.e.m.c.i.embedder.EclipseLogger - Using platform encoding (Cp1252 actually) to copy filtered resources, i.e. build is platform dependent!
2022-01-28 18:30:59,019 [Worker-74] INFO  o.e.m.c.i.embedder.EclipseLogger - skip non existing resourceDirectory C:\libreria\libreria\src\test\resources
2022-01-28 18:33:06,859 [Worker-74] WARN  o.e.m.c.i.embedder.EclipseLogger - Using platform encoding (Cp1252 actually) to copy filtered resources, i.e. build is platform dependent!
2022-01-28 18:33:06,859 [Worker-74] INFO  o.e.m.c.i.embedder.EclipseLogger - skip non existing resourceDirectory C:\libreria\libreria\src\main\resources
2022-01-28 18:33:06,859 [Worker-74] WARN  o.e.m.c.i.embedder.EclipseLogger - Using platform encoding (Cp1252 actually) to copy filtered resources, i.e. build is platform dependent!
2022-01-28 18:33:06,859 [Worker-74] INFO  o.e.m.c.i.embedder.EclipseLogger - skip non existing resourceDirectory C:\libreria\libreria\src\test\resources
2022-01-28 18:34:54,231 [Worker-79] WARN  o.e.m.c.i.embedder.EclipseLogger - Using platform encoding (Cp1252 actually) to copy filtered resources, i.e. build is platform dependent!
2022-01-28 18:34:54,231 [Worker-79] INFO  o.e.m.c.i.embedder.EclipseLogger - skip non existing resourceDirectory C:\libreria\libreria\src\main\resources
2022-01-28 18:34:54,231 [Worker-79] WARN  o.e.m.c.i.embedder.EclipseLogger - Using platform encoding (Cp1252 actually) to copy filtered resources, i.e. build is platform dependent!
2022-01-28 18:34:54,231 [Worker-79] INFO  o.e.m.c.i.embedder.EclipseLogger - skip non existing resourceDirectory C:\libreria\libreria\src\test\resources
2022-01-28 18:36:36,763 [Worker-66] WARN  o.e.m.c.i.embedder.EclipseLogger - Using platform encoding (Cp1252 actually) to copy filtered resources, i.e. build is platform dependent!
2022-01-28 18:36:36,763 [Worker-66] INFO  o.e.m.c.i.embedder.EclipseLogger - skip non existing resourceDirectory C:\libreria\libreria\src\main\resources
2022-01-28 18:36:36,778 [Worker-66] WARN  o.e.m.c.i.embedder.EclipseLogger - Using platform encoding (Cp1252 actually) to copy filtered resources, i.e. build is platform dependent!
2022-01-28 18:36:36,778 [Worker-66] INFO  o.e.m.c.i.embedder.EclipseLogger - skip non existing resourceDirectory C:\libreria\libreria\src\test\resources
2022-01-28 18:38:34,532 [Worker-74] WARN  o.e.m.c.i.embedder.EclipseLogger - Using platform encoding (Cp1252 actually) to copy filtered resources, i.e. build is platform dependent!
2022-01-28 18:38:34,548 [Worker-74] INFO  o.e.m.c.i.embedder.EclipseLogger - skip non existing resourceDirectory C:\libreria\libreria\src\main\resources
2022-01-28 18:38:34,548 [Worker-74] WARN  o.e.m.c.i.embedder.EclipseLogger - Using platform encoding (Cp1252 actually) to copy filtered resources, i.e. build is platform dependent!
2022-01-28 18:38:34,548 [Worker-74] INFO  o.e.m.c.i.embedder.EclipseLogger - skip non existing resourceDirectory C:\libreria\libreria\src\test\resources
2022-01-28 18:40:12,480 [Worker-81] WARN  o.e.m.c.i.embedder.EclipseLogger - Using platform encoding (Cp1252 actually) to copy filtered resources, i.e. build is platform dependent!
2022-01-28 18:40:12,480 [Worker-81] INFO  o.e.m.c.i.embedder.EclipseLogger - skip non existing resourceDirectory C:\libreria\libreria\src\main\resources
2022-01-28 18:40:12,480 [Worker-81] WARN  o.e.m.c.i.embedder.EclipseLogger - Using platform encoding (Cp1252 actually) to copy filtered resources, i.e. build is platform dependent!
2022-01-28 18:40:12,495 [Worker-81] INFO  o.e.m.c.i.embedder.EclipseLogger - skip non existing resourceDirectory C:\libreria\libreria\src\test\resources
2022-01-28 18:42:09,496 [Worker-81] WARN  o.e.m.c.i.embedder.EclipseLogger - Using platform encoding (Cp1252 actually) to copy filtered resources, i.e. build is platform dependent!
2022-01-28 18:42:09,512 [Worker-81] INFO  o.e.m.c.i.embedder.EclipseLogger - skip non existing resourceDirectory C:\libreria\libreria\src\main\resources
2022-01-28 18:42:09,512 [Worker-81] WARN  o.e.m.c.i.embedder.EclipseLogger - Using platform encoding (Cp1252 actually) to copy filtered resources, i.e. build is platform dependent!
2022-01-28 18:42:09,512 [Worker-81] INFO  o.e.m.c.i.embedder.EclipseLogger - skip non existing resourceDirectory C:\libreria\libreria\src\test\resources
2022-01-28 18:43:44,472 [Worker-82] WARN  o.e.m.c.i.embedder.EclipseLogger - Using platform encoding (Cp1252 actually) to copy filtered resources, i.e. build is platform dependent!
2022-01-28 18:43:44,472 [Worker-82] INFO  o.e.m.c.i.embedder.EclipseLogger - skip non existing resourceDirectory C:\libreria\libreria\src\main\resources
2022-01-28 18:43:44,472 [Worker-82] WARN  o.e.m.c.i.embedder.EclipseLogger - Using platform encoding (Cp1252 actually) to copy filtered resources, i.e. build is platform dependent!
2022-01-28 18:43:44,472 [Worker-82] INFO  o.e.m.c.i.embedder.EclipseLogger - skip non existing resourceDirectory C:\libreria\libreria\src\test\resources
2022-01-28 18:45:00,034 [Worker-66] WARN  o.e.m.c.i.embedder.EclipseLogger - Using platform encoding (Cp1252 actually) to copy filtered resources, i.e. build is platform dependent!
2022-01-28 18:45:00,034 [Worker-66] INFO  o.e.m.c.i.embedder.EclipseLogger - skip non existing resourceDirectory C:\libreria\libreria\src\main\resources
2022-01-28 18:45:00,034 [Worker-66] WARN  o.e.m.c.i.embedder.EclipseLogger - Using platform encoding (Cp1252 actually) to copy filtered resources, i.e. build is platform dependent!
2022-01-28 18:45:00,034 [Worker-66] INFO  o.e.m.c.i.embedder.EclipseLogger - skip non existing resourceDirectory C:\libreria\libreria\src\test\resources
2022-01-28 18:55:34,728 [Worker-86] WARN  o.e.m.c.i.embedder.EclipseLogger - Using platform encoding (Cp1252 actually) to copy filtered resources, i.e. build is platform dependent!
2022-01-28 18:55:34,743 [Worker-86] INFO  o.e.m.c.i.embedder.EclipseLogger - skip non existing resourceDirectory C:\libreria\libreria\src\main\resources
2022-01-28 18:55:34,743 [Worker-86] WARN  o.e.m.c.i.embedder.EclipseLogger - Using platform encoding (Cp1252 actually) to copy filtered resources, i.e. build is platform dependent!
2022-01-28 18:55:34,743 [Worker-86] INFO  o.e.m.c.i.embedder.EclipseLogger - skip non existing resourceDirectory C:\libreria\libreria\src\test\resources
2022-01-28 20:25:14,507 [Worker-0] WARN  o.e.m.c.i.embedder.EclipseLogger - Using platform encoding (Cp1252 actually) to copy filtered resources, i.e. build is platform dependent!
2022-01-28 20:25:14,512 [Worker-0] INFO  o.e.m.c.i.embedder.EclipseLogger - skip non existing resourceDirectory C:\libreria\libreria\src\main\resources
2022-01-28 20:25:14,514 [Worker-0] WARN  o.e.m.c.i.embedder.EclipseLogger - Using platform encoding (Cp1252 actually) to copy filtered resources, i.e. build is platform dependent!
2022-01-28 20:25:14,515 [Worker-0] INFO  o.e.m.c.i.embedder.EclipseLogger - skip non existing resourceDirectory C:\libreria\libreria\src\test\resources
2022-01-28 20:42:10,235 [Worker-17] WARN  o.e.m.c.i.embedder.EclipseLogger - Using platform encoding (Cp1252 actually) to copy filtered resources, i.e. build is platform dependent!
2022-01-28 20:42:10,238 [Worker-17] INFO  o.e.m.c.i.embedder.EclipseLogger - skip non existing resourceDirectory C:\libreria\libreria\src\main\resources
2022-01-28 20:42:10,240 [Worker-17] WARN  o.e.m.c.i.embedder.EclipseLogger - Using platform encoding (Cp1252 actually) to copy filtered resources, i.e. build is platform dependent!
2022-01-28 20:42:10,242 [Worker-17] INFO  o.e.m.c.i.embedder.EclipseLogger - skip non existing resourceDirectory C:\libreria\libreria\src\test\resources
2022-01-28 20:44:53,070 [Worker-23] WARN  o.e.m.c.i.embedder.EclipseLogger - Using platform encoding (Cp1252 actually) to copy filtered resources, i.e. build is platform dependent!
2022-01-28 20:44:53,073 [Worker-23] INFO  o.e.m.c.i.embedder.EclipseLogger - skip non existing resourceDirectory C:\libreria\libreria\src\main\resources
2022-01-28 20:44:53,075 [Worker-23] WARN  o.e.m.c.i.embedder.EclipseLogger - Using platform encoding (Cp1252 actually) to copy filtered resources, i.e. build is platform dependent!
2022-01-28 20:44:53,077 [Worker-23] INFO  o.e.m.c.i.embedder.EclipseLogger - skip non existing resourceDirectory C:\libreria\libreria\src\test\resources
2022-01-28 20:50:54,908 [Worker-31] WARN  o.e.m.c.i.embedder.EclipseLogger - Using platform encoding (Cp1252 actually) to copy filtered resources, i.e. build is platform dependent!
2022-01-28 20:50:54,911 [Worker-31] INFO  o.e.m.c.i.embedder.EclipseLogger - skip non existing resourceDirectory C:\libreria\libreria\src\main\resources
2022-01-28 20:50:54,914 [Worker-31] WARN  o.e.m.c.i.embedder.EclipseLogger - Using platform encoding (Cp1252 actually) to copy filtered resources, i.e. build is platform dependent!
2022-01-28 20:50:54,915 [Worker-31] INFO  o.e.m.c.i.embedder.EclipseLogger - skip non existing resourceDirectory C:\libreria\libreria\src\test\resources
2022-01-28 20:52:27,262 [Worker-29] WARN  o.e.m.c.i.embedder.EclipseLogger - Using platform encoding (Cp1252 actually) to copy filtered resources, i.e. build is platform dependent!
2022-01-28 20:52:27,262 [Worker-29] INFO  o.e.m.c.i.embedder.EclipseLogger - skip non existing resourceDirectory C:\libreria\libreria\src\main\resources
2022-01-28 20:52:27,262 [Worker-29] WARN  o.e.m.c.i.embedder.EclipseLogger - Using platform encoding (Cp1252 actually) to copy filtered resources, i.e. build is platform dependent!
2022-01-28 20:52:27,262 [Worker-29] INFO  o.e.m.c.i.embedder.EclipseLogger - skip non existing resourceDirectory C:\libreria\libreria\src\test\resources
2022-01-28 20:57:19,187 [Worker-26] WARN  o.e.m.c.i.embedder.EclipseLogger - Using platform encoding (Cp1252 actually) to copy filtered resources, i.e. build is platform dependent!
2022-01-28 20:57:19,188 [Worker-26] INFO  o.e.m.c.i.embedder.EclipseLogger - skip non existing resourceDirectory C:\libreria\libreria\src\main\resources
2022-01-28 20:57:19,190 [Worker-26] WARN  o.e.m.c.i.embedder.EclipseLogger - Using platform encoding (Cp1252 actually) to copy filtered resources, i.e. build is platform dependent!
2022-01-28 20:57:19,191 [Worker-26] INFO  o.e.m.c.i.embedder.EclipseLogger - skip non existing resourceDirectory C:\libreria\libreria\src\test\resources
2022-01-28 21:02:05,774 [Worker-32] WARN  o.e.m.c.i.embedder.EclipseLogger - Using platform encoding (Cp1252 actually) to copy filtered resources, i.e. build is platform dependent!
2022-01-28 21:02:05,776 [Worker-32] INFO  o.e.m.c.i.embedder.EclipseLogger - skip non existing resourceDirectory C:\libreria\libreria\src\main\resources
2022-01-28 21:02:05,778 [Worker-32] WARN  o.e.m.c.i.embedder.EclipseLogger - Using platform encoding (Cp1252 actually) to copy filtered resources, i.e. build is platform dependent!
2022-01-28 21:02:05,779 [Worker-32] INFO  o.e.m.c.i.embedder.EclipseLogger - skip non existing resourceDirectory C:\libreria\libreria\src\test\resources
